"../../../Engine/Content/Functions/Engine_MaterialFunctions01/Opacity/CameraDepthFade.uasset" 0
"../../../Engine/Content/EngineMaterials/T_Default_Material_Grid_M.uasset" 1
"../../../Engine/Content/EngineMaterials/T_Default_Material_Grid_N.uasset" 2
"../../../Engine/Content/EngineMaterials/WorldGridMaterial.uasset" 3
"../../../Engine/Content/ArtTools/RenderToTexture/Meshes/S_1_Unit_Plane.uasset" 4
"../../../Engine/Content/EngineMaterials/DefaultMaterial.uasset" 5
"../../../Engine/Content/BasicShapes/Cone.uasset" 6
"../../../Engine/Content/BasicShapes/Plane.uasset" 7
"../../../Engine/Content/BasicShapes/Sphere.uasset" 8
"../../../Engine/Content/EngineMaterials/DefaultPhysicalMaterial.uasset" 9
"../../../Engine/Content/BufferVisualization/AmbientOcclusion.uasset" 10
"../../../Engine/Content/BufferVisualization/BaseColor.uasset" 11
"../../../Engine/Content/BufferVisualization/CustomDepth.uasset" 12
"../../../Engine/Content/Functions/Engine_MaterialFunctions02/Utility/VectorLength.uasset" 13
"../../../Engine/Content/BufferVisualization/CustomDepthWorldUnits.uasset" 14
"../../../Engine/Content/Functions/Engine_MaterialFunctions02/Utility/BreakOutFloat2Components.uasset" 15
"../../../Engine/Content/Functions/Engine_MaterialFunctions01/Texturing/ScaleUVsByCenter.uasset" 16
"../../../Engine/Content/Functions/Engine_MaterialFunctions02/ScreenResolution.uasset" 17
"../../../Engine/Content/Functions/Engine_MaterialFunctions02/Texturing/ScreenAlignedUVs.uasset" 18
"../../../Engine/Content/Functions/Engine_MaterialFunctions02/Utility/MakeFloat2.uasset" 19
"../../../Engine/Content/Functions/Engine_MaterialFunctions02/Utility/MakeFloat3.uasset" 20
"../../../Engine/Content/EngineMaterials/MiniFont.uasset" 21
"../../../Engine/Content/BufferVisualization/CustomStencil.uasset" 22
"../../../Engine/Content/BufferVisualization/FinalImage.uasset" 23
"../../../Engine/Content/BufferVisualization/LightingModel.uasset" 24
"../../../Engine/Content/BufferVisualization/MaterialAO.uasset" 25
"../../../Engine/Content/BufferVisualization/Metallic.uasset" 26
"../../../Engine/Content/BufferVisualization/Opacity.uasset" 27
"../../../Engine/Content/BufferVisualization/PostTonemapHDRColor.uasset" 28
"../../../Engine/Content/BufferVisualization/PreTonemapHDRColor.uasset" 29
"../../../Engine/Content/BufferVisualization/Roughness.uasset" 30
"../../../Engine/Content/BufferVisualization/SceneColor.uasset" 31
"../../../Engine/Content/BufferVisualization/SceneDepth.uasset" 32
"../../../Engine/Content/BufferVisualization/SceneDepthWorldUnits.uasset" 33
"../../../Engine/Content/BufferVisualization/SeparateTranslucencyA.uasset" 34
"../../../Engine/Content/BufferVisualization/SeparateTranslucencyRGB.uasset" 35
"../../../Engine/Content/BufferVisualization/Specular.uasset" 36
"../../../Engine/Content/BufferVisualization/SubsurfaceColor.uasset" 37
"../../../Engine/Content/BufferVisualization/Velocity.uasset" 38
"../../../Engine/Content/BufferVisualization/WorldNormal.uasset" 39
"../../../Engine/Content/EditorLandscapeResources/DataLayer.uasset" 40
"../../../Engine/Content/EditorLandscapeResources/DefaultAlphaTexture.uasset" 41
"../../../Engine/Content/EditorLandscapeResources/LandscapeGizmoHeight_Mat.uasset" 42
"../../../Engine/Content/EditorLandscapeResources/LandscapeGizmo_Mat.uasset" 43
"../../../Engine/Content/EditorLandscapeResources/LandscapeGizmo_Mat_Copied.uasset" 44
"../../../Engine/Content/EditorLandscapeResources/SplineEditorMeshMat.uasset" 45
"../../../Engine/Content/EditorLandscapeResources/SplineEditorMesh.uasset" 46
"../../../Engine/Content/EditorMaterials/Cross.uasset" 47
"../../../Engine/Content/EditorMaterials/Cross_Mat.uasset" 48
"../../../Engine/Content/EngineMaterials/DefaultDiffuse.uasset" 49
"../../../Engine/Content/Functions/Engine_MaterialFunctions01/Texturing/TextureCropping.uasset" 50
"../../../Engine/Content/Functions/Engine_MaterialFunctions01/Texturing/ComputeMipLevel.uasset" 51
"../../../Engine/Content/Functions/Engine_MaterialFunctions02/ExampleContent/DebugNumberStrip.uasset" 52
"../../../Engine/Content/Functions/Engine_MaterialFunctions02/ExampleContent/Textures/DebugNumberPeriod.uasset" 53
"../../../Engine/Content/Functions/Engine_MaterialFunctions02/Utility/DebugScalarValues.uasset" 54
"../../../Engine/Content/Functions/Engine_MaterialFunctions02/Utility/DebugFloat2Values.uasset" 55
"../../../Engine/Content/Functions/Engine_MaterialFunctions02/ExampleContent/Textures/flipbook.uasset" 56
"../../../Engine/Content/Functions/Engine_MaterialFunctions02/Texturing/FlipBook.uasset" 57
"../../../Engine/Content/Functions/Engine_MaterialFunctions02/Utility/Sign.uasset" 58
"../../../Engine/Content/Functions/Engine_MaterialFunctions02/Utility/Round.uasset" 59
"../../../Engine/Content/EditorResources/T_EditorHelp.uasset" 60
"../../../Engine/Content/EditorMaterials/HelpActorMaterial.uasset" 61
"../../../Engine/Content/EditorMaterials/CompositeARGBLayer.uasset" 62
"../../../Engine/Content/EditorMaterials/TilingAALineIntegral.uasset" 63
"../../../Engine/Content/EditorMaterials/TilingAALineBoxFiltered.uasset" 64
"../../../Engine/Content/Functions/Engine_MaterialFunctions03/Procedurals/ComputeFilterWidth.uasset" 65
"../../../Engine/Content/EditorMaterials/TilingAADots.uasset" 66
"../../../Engine/Content/EngineMaterials/BlendFunc_DefBase.uasset" 67
"../../../Engine/Content/EngineMaterials/BlendFunc_DefBlend.uasset" 68
"../../../Engine/Content/Functions/Engine_MaterialFunctions03/Blends/Blend_Screen.uasset" 69
"../../../Engine/Content/EditorMaterials/TilingAAGrid.uasset" 70
"../../../Engine/Content/EditorMaterials/LevelGridMaterial.uasset" 71
"../../../Engine/Content/EditorMaterials/MakeCompositeARGBLayer.uasset" 72
"../../../Engine/Content/EditorResources/LevelGrid1DStripes.uasset" 73
"../../../Engine/Content/EditorMaterials/TextureGridCascaded1D.uasset" 74
"../../../Engine/Content/EditorMaterials/TextureGridCascaded2D.uasset" 75
"../../../Engine/Content/EditorMaterials/LevelGridMaterial2.uasset" 76
"../../../Engine/Content/EditorMaterials/MAT_Groups_Toggle.uasset" 77
"../../../Engine/Content/EditorMaterials/MAT_Groups_Visibility.uasset" 78
"../../../Engine/Content/EditorMaterials/PhAT_BoneSelectedMaterial.uasset" 79
"../../../Engine/Content/EditorMaterials/PhAT_ElemSelectedMaterial.uasset" 80
"../../../Engine/Content/EditorMaterials/PhAT_NoCollisionMaterial.uasset" 81
"../../../Engine/Content/EditorMaterials/PhAT_UnselectedMaterial.uasset" 82
"../../../Engine/Content/EditorMaterials/PreviewShadowIndicator.uasset" 83
"../../../Engine/Content/EditorMaterials/PreviewShadowIndicatorMaterial.uasset" 84
"../../../Engine/Content/EditorMaterials/TargetIcon.uasset" 85
"../../../Engine/Content/EditorMaterials/Tick.uasset" 86
"../../../Engine/Content/EditorMaterials/Tick_Mat.uasset" 87
"../../../Engine/Content/EditorMaterials/WidgetGridVertexColorMaterial.uasset" 88
"../../../Engine/Content/EditorMaterials/WidgetGridVertexColorMaterial_Ma.uasset" 89
"../../../Engine/Content/EditorMaterials/WidgetMaterial.uasset" 90
"../../../Engine/Content/EditorMaterials/WidgetMaterial_Current.uasset" 91
"../../../Engine/Content/EditorMaterials/WidgetMaterial_X.uasset" 92
"../../../Engine/Content/EditorMaterials/WidgetMaterial_Y.uasset" 93
"../../../Engine/Content/EditorMaterials/WidgetMaterial_Z.uasset" 94
"../../../Engine/Content/EditorMaterials/WidgetVertexColorMaterial.uasset" 95
"../../../Engine/Content/EditorMaterials/AssetViewer/EpicQuadPanorama_CC+EV1.uasset" 96
"../../../Engine/Content/MapTemplates/Sky/SunsetAmbientCubemap.uasset" 97
"../../../Engine/Content/EditorMaterials/AssetViewer/M_SkyBox.uasset" 98
"../../../Engine/Content/EditorMaterials/MatineeGroups/MAT_ColorTrack.uasset" 99
"../../../Engine/Content/EditorMaterials/MatineeGroups/MAT_Groups_Anim.uasset" 100
"../../../Engine/Content/EditorMaterials/MatineeGroups/MAT_Groups_AudioMaster.uasset" 101
"../../../Engine/Content/EditorMaterials/MatineeGroups/MAT_Groups_Director.uasset" 102
"../../../Engine/Content/EditorMaterials/MatineeGroups/MAT_Groups_Event.uasset" 103
"../../../Engine/Content/EditorMaterials/MatineeGroups/MAT_Groups_Fade.uasset" 104
"../../../Engine/Content/EditorMaterials/MatineeGroups/MAT_Groups_Float.uasset" 105
"../../../Engine/Content/EditorMaterials/MatineeGroups/MAT_Groups_Move.uasset" 106
"../../../Engine/Content/EditorMaterials/MatineeGroups/MAT_Groups_Slomo.uasset" 107
"../../../Engine/Content/EditorMaterials/MatineeGroups/MAT_Groups_Sound.uasset" 108
"../../../Engine/Content/EditorMaterials/MatineeGroups/MAT_Groups_Vector.uasset" 109
"../../../Engine/Content/EditorMaterials/ParticleSystems/PSysThumbnail_NoImage.uasset" 110
"../../../Engine/Content/EditorMaterials/ParticleSystems/PSysThumbnail_OOD.uasset" 111
"../../../Engine/Content/EngineMaterials/Grid.uasset" 112
"../../../Engine/Content/EditorMaterials/Thumbnails/FloorPlaneMaterial.uasset" 113
"../../../Engine/Content/EditorMeshes/EditorCube.uasset" 114
"../../../Engine/Content/EditorMeshes/EditorCylinder.uasset" 115
"../../../Engine/Content/EditorMeshes/EditorPlane.uasset" 116
"../../../Engine/Content/EditorMaterials/Thumbnails/SkySphereMaterial.uasset" 117
"../../../Engine/Content/EditorMeshes/EditorSkySphere.uasset" 118
"../../../Engine/Content/EditorMeshes/EditorSphere.uasset" 119
"../../../Engine/Content/EditorResources/MatineeCam_D.uasset" 120
"../../../Engine/Content/EditorMaterials/MatineeCam_mat.uasset" 121
"../../../Engine/Content/EditorMeshes/MatineeCam_SM.uasset" 122
"../../../Engine/Content/EditorMeshes/PlanarReflectionPlane.uasset" 123
"../../../Engine/Content/Functions/Engine_MaterialFunctions01/Shading/ConvertFromDiffSpec.uasset" 124
"../../../Engine/Content/EditorMaterials/GridMaterial.uasset" 125
"../../../Engine/Content/EditorMeshes/AssetViewer/Floor_Mesh.uasset" 126
"../../../Engine/Content/EditorMeshes/AssetViewer/Sphere_inversenormals.uasset" 127
"../../../Engine/Content/EditorMaterials/Camera/CineMat.uasset" 128
"../../../Engine/Content/EditorMaterials/Camera/MI_CineMat_CameraBody.uasset" 129
"../../../Engine/Content/EngineDebugMaterials/M_SimpleOpaque.uasset" 130
"../../../Engine/Content/EditorMaterials/Camera/MI_CineMat_CamViewFinder.uasset" 131
"../../../Engine/Content/EditorMeshes/Camera/SM_CineCam.uasset" 132
"../../../Engine/Content/EditorMaterials/Camera/MI_CineMat_Rig.uasset" 133
"../../../Engine/Content/EditorMeshes/Camera/SM_CraneRig_Arm.uasset" 134
"../../../Engine/Content/EditorMeshes/Camera/SM_CraneRig_Base.uasset" 135
"../../../Engine/Content/EditorMeshes/Camera/SM_CraneRig_Body.uasset" 136
"../../../Engine/Content/EditorMeshes/Camera/SM_CraneRig_Mount.uasset" 137
"../../../Engine/Content/EditorMeshes/Camera/SM_RailRig_Mount.uasset" 138
"../../../Engine/Content/EditorMeshes/Camera/SM_RailRig_Track.uasset" 139
"../../../Engine/Content/EditorResources/Bad.uasset" 140
"../../../Engine/Content/EditorResources/BSPVertex.uasset" 141
"../../../Engine/Content/EditorResources/EmptyActor.uasset" 142
"../../../Engine/Content/EditorResources/MatInstActSprite.uasset" 143
"../../../Engine/Content/EditorResources/SceneManager.uasset" 144
"../../../Engine/Content/EditorResources/SmallFont.uasset" 145
"../../../Engine/Content/EditorResources/S_Actor.uasset" 146
"../../../Engine/Content/EditorResources/S_DecalActorIcon.uasset" 147
"../../../Engine/Content/EditorResources/S_Emitter.uasset" 148
"../../../Engine/Content/EditorResources/S_ExpoHeightFog.uasset" 149
"../../../Engine/Content/EditorResources/S_FTest.uasset" 150
"../../../Engine/Content/EditorResources/S_KBSJoint.uasset" 151
"../../../Engine/Content/EditorResources/S_KHinge.uasset" 152
"../../../Engine/Content/EditorResources/S_KPrismatic.uasset" 153
"../../../Engine/Content/EditorResources/S_LevelSequence.uasset" 154
"../../../Engine/Content/EditorResources/S_NavP.uasset" 155
"../../../Engine/Content/EditorResources/S_Note.uasset" 156
"../../../Engine/Content/EditorResources/S_Player.uasset" 157
"../../../Engine/Content/EditorResources/S_PortalActorIcon2.uasset" 158
"../../../Engine/Content/EditorResources/S_RadForce.uasset" 159
"../../../Engine/Content/EditorResources/S_ReflActorIcon.uasset" 160
"../../../Engine/Content/EditorResources/S_SkyAtmosphere.uasset" 161
"../../../Engine/Content/EditorResources/S_Solver.uasset" 162
"../../../Engine/Content/EditorResources/S_Terrain.uasset" 163
"../../../Engine/Content/EditorResources/S_TextRenderActorIcon.uasset" 164
"../../../Engine/Content/EditorResources/S_Thruster.uasset" 165
"../../../Engine/Content/EditorResources/S_Trigger.uasset" 166
"../../../Engine/Content/EditorResources/S_VectorFieldVol.uasset" 167
"../../../Engine/Content/EditorResources/S_WindDirectional.uasset" 168
"../../../Engine/Content/EditorResources/AI/S_NavLink.uasset" 169
"../../../Engine/Content/EditorResources/LightIcons/SkyLight.uasset" 170
"../../../Engine/Content/EditorResources/LightIcons/S_LightDirectional.uasset" 171
"../../../Engine/Content/EditorResources/LightIcons/S_LightDirectionalMove.uasset" 172
"../../../Engine/Content/EditorResources/LightIcons/S_LightError.uasset" 173
"../../../Engine/Content/EditorResources/LightIcons/S_LightPoint.uasset" 174
"../../../Engine/Content/EditorResources/LightIcons/S_LightPointMove.uasset" 175
"../../../Engine/Content/EditorResources/LightIcons/S_LightSpot.uasset" 176
"../../../Engine/Content/EditorResources/LightIcons/S_LightSpotMove.uasset" 177
"../../../Engine/Content/EditorResources/SequenceRecorder/Countdown.uasset" 178
"../../../Engine/Content/EditorResources/SequenceRecorder/RecordingIndicator.uasset" 179
"../../../Engine/Content/EditorResources/Spline/T_Loft_Spline.uasset" 180
"../../../Engine/Content/EditorSounds/Notifications/CompileFailed.uasset" 181
"../../../Engine/Content/EditorSounds/Notifications/CompileFailed_Cue.uasset" 182
"../../../Engine/Content/EditorSounds/Notifications/CompileSuccess.uasset" 183
"../../../Engine/Content/EditorSounds/Notifications/CompileStart_Cue.uasset" 184
"../../../Engine/Content/EditorSounds/Notifications/CompileSuccess_Cue.uasset" 185
"../../../Engine/Content/EngineDamageTypes/DmgTypeBP_Environmental.uasset" 186
"../../../Engine/Content/EngineDebugMaterials/HeatmapGradient.uasset" 187
"../../../Engine/Content/EngineDebugMaterials/BoneWeightMaterial.uasset" 188
"../../../Engine/Content/EngineDebugMaterials/ClothMaterial.uasset" 189
"../../../Engine/Content/EngineDebugMaterials/ClothMaterial_WF.uasset" 190
"../../../Engine/Content/EngineDebugMaterials/DebugEditorMaterial.uasset" 191
"../../../Engine/Content/EngineDebugMaterials/DebugMeshMaterial.uasset" 192
"../../../Engine/Content/EngineDebugMaterials/GeomMaterial.uasset" 193
"../../../Engine/Content/EngineDebugMaterials/LevelColorationLitMaterial.uasset" 194
"../../../Engine/Content/EngineDebugMaterials/LevelColorationUnlitMaterial.uasset" 195
"../../../Engine/Content/EngineMaterials/DefaultWhiteGrid.uasset" 196
"../../../Engine/Content/EngineDebugMaterials/MAT_LevelColorationLitLightmapUV.uasset" 197
"../../../Engine/Content/EngineDebugMaterials/M_SimpleTranslucent.uasset" 198
"../../../Engine/Content/Functions/Engine_MaterialFunctions02/Utility/CameraDirectionVector.uasset" 199
"../../../Engine/Content/EngineDebugMaterials/VolumeToRender.uasset" 200
"../../../Engine/Content/EngineDebugMaterials/M_VolumeRenderSphereTracePP.uasset" 201
"../../../Engine/Content/EngineDebugMaterials/ShadedLevelColorationLitMaterial.uasset" 202
"../../../Engine/Content/EngineDebugMaterials/ShadedLevelColorationUnlitMateri.uasset" 203
"../../../Engine/Content/EngineDebugMaterials/VertexColorMaterial.uasset" 204
"../../../Engine/Content/EngineDebugMaterials/VertexColorViewMode_AlphaAsColor.uasset" 205
"../../../Engine/Content/EngineDebugMaterials/VertexColorViewMode_BlueOnly.uasset" 206
"../../../Engine/Content/EngineDebugMaterials/VertexColorViewMode_ColorOnly.uasset" 207
"../../../Engine/Content/EngineDebugMaterials/VertexColorViewMode_GreenOnly.uasset" 208
"../../../Engine/Content/EngineDebugMaterials/VertexColorViewMode_RedOnly.uasset" 209
"../../../Engine/Content/EngineDebugMaterials/WireframeMaterial.uasset" 210
"../../../Engine/Content/EngineFonts/Faces/DroidSansFallback.uasset" 211
"../../../Engine/Content/EngineFonts/Faces/RobotoBold.uasset" 212
"../../../Engine/Content/EngineFonts/Faces/RobotoBoldItalic.uasset" 213
"../../../Engine/Content/EngineFonts/Faces/RobotoItalic.uasset" 214
"../../../Engine/Content/EngineFonts/Faces/RobotoLight.uasset" 215
"../../../Engine/Content/EngineFonts/Faces/RobotoRegular.uasset" 216
"../../../Engine/Content/EngineFonts/Roboto.uasset" 217
"../../../Engine/Content/EngineFonts/Faces/RobotoTiny.uasset" 218
"../../../Engine/Content/EngineFonts/RobotoTiny.uasset" 219
"../../../Engine/Content/EngineFonts/SmallFont.uasset" 220
"../../../Engine/Content/EngineFonts/TinyFont.uasset" 221
"../../../Engine/Content/EngineMaterials/BaseFlattenDiffuseMap.uasset" 222
"../../../Engine/Content/EngineMaterials/BaseFlattenEmissiveMap.uasset" 223
"../../../Engine/Content/EngineMaterials/BaseFlattenGrayscaleMap.uasset" 224
"../../../Engine/Content/EngineMaterials/BaseFlattenNormalMap.uasset" 225
"../../../Engine/Content/EngineMaterials/BaseFlattenMaterial.uasset" 226
"../../../Engine/Content/EngineResources/WhiteSquareTexture.uasset" 227
"../../../Engine/Content/EngineMaterials/BlinkingCaret.uasset" 228
"../../../Engine/Content/EngineMaterials/BlueNoise.uasset" 229
"../../../Engine/Content/EngineMaterials/DefaultBloomKernel.uasset" 230
"../../../Engine/Content/EngineMaterials/DefaultBokeh.uasset" 231
"../../../Engine/Content/EngineMaterials/DefaultDeferredDecalMaterial.uasset" 232
"../../../Engine/Content/EngineMaterials/DefaultLightFunctionMaterial.uasset" 233
"../../../Engine/Content/EngineMaterials/DefaultPostProcessMaterial.uasset" 234
"../../../Engine/Content/EngineFonts/RobotoDistanceField.uasset" 235
"../../../Engine/Content/EngineMaterials/DefaultTextMaterialOpaque.uasset" 236
"../../../Engine/Content/EngineMaterials/DefaultVirtualTextureMaterial.uasset" 237
"../../../Engine/Content/EngineMaterials/EditorBrushMaterial.uasset" 238
"../../../Engine/Content/EngineMaterials/DefaultWhiteGrid_Low.uasset" 239
"../../../Engine/Content/EngineMaterials/EmissiveMeshMaterial.uasset" 240
"../../../Engine/Content/EngineMaterials/GizmoMaterial.uasset" 241
"../../../Engine/Content/EngineMaterials/Grid_N.uasset" 242
"../../../Engine/Content/EngineMaterials/HairColorMap.uasset" 243
"../../../Engine/Content/EngineMaterials/HairDebugColor.uasset" 244
"../../../Engine/Content/EngineMaterials/HairDebugMaterial.uasset" 245
"../../../Engine/Content/EngineMaterials/HairDefaultMaterial.uasset" 246
"../../../Engine/Content/EngineMaterials/HighResolutionScreenshotMaskFunction.uasset" 247
"../../../Engine/Content/EngineMaterials/HighResScreenshot.uasset" 248
"../../../Engine/Content/EngineMaterials/HighResScreenshotCaptureRegion.uasset" 249
"../../../Engine/Content/EngineMaterials/HighResScreenshotMask.uasset" 250
"../../../Engine/Content/EngineMaterials/LandscapeHolePhysicalMaterial.uasset" 251
"../../../Engine/Content/EngineMaterials/InvalidLightmapSettings.uasset" 252
"../../../Engine/Content/EngineMaterials/M_InvalidLightmapSettings.uasset" 253
"../../../Engine/Content/EngineMaterials/PaperDiffuse.uasset" 254
"../../../Engine/Content/EngineMaterials/PaperNormal.uasset" 255
"../../../Engine/Content/Functions/Engine_MaterialFunctions02/WorldPositionOffset/CameraOffset.uasset" 256
"../../../Engine/Content/EngineMaterials/PhAT_JointLimitMaterial.uasset" 257
"../../../Engine/Content/EngineMaterials/PhysMat_Rubber.uasset" 258
"../../../Engine/Content/EngineMaterials/PreintegratedSkinBRDF.uasset" 259
"../../../Engine/Content/EngineMaterials/RemoveSurfaceMaterial.uasset" 260
"../../../Engine/Content/EngineMaterials/WeightMapPlaceholderTexture.uasset" 261
"../../../Engine/Content/Functions/Engine_MaterialFunctions01/ImageAdjustment/sRGBToLinear.uasset" 262
"../../../Engine/Content/Functions/Engine_MaterialFunctions02/Utility/BreakOutFloat3Components.uasset" 263
"../../../Engine/Content/EngineMaterials/Widget3DCameraPassThrough_Opaque_OneSided.uasset" 264
"../../../Engine/Content/EngineMaterials/Widget3DPassThrough.uasset" 265
"../../../Engine/Content/EngineMaterials/Widget3DPassThrough_Masked.uasset" 266
"../../../Engine/Content/EngineMaterials/Widget3DPassThrough_Opaque.uasset" 267
"../../../Engine/Content/EngineMaterials/Widget3DPassThrough_Masked_OneSided.uasset" 268
"../../../Engine/Content/EngineMaterials/Widget3DPassThrough_Opaque_OneSided.uasset" 269
"../../../Engine/Content/EngineMaterials/Widget3DPassThrough_Translucent.uasset" 270
"../../../Engine/Content/EngineMaterials/Widget3DPassThrough_Translucent_OneSided.uasset" 271
"../../../Engine/Content/EngineMeshes/Cylinder.uasset" 272
"../../../Engine/Content/EngineMeshes/Sphere.uasset" 273
"../../../Engine/Content/EngineResources/Black.uasset" 274
"../../../Engine/Content/EngineResources/DefaultTexture.uasset" 275
"../../../Engine/Content/EngineResources/DefaultTextureCube.uasset" 276
"../../../Engine/Content/EngineResources/DefaultVolumeTexture2D.uasset" 277
"../../../Engine/Content/EngineResources/DefaultVolumeTexture.uasset" 278
"../../../Engine/Content/EngineResources/GradientTexture0.uasset" 279
"../../../Engine/Content/EngineResources/StreamingPauseIcon.uasset" 280
"../../../Engine/Content/EngineResources/M_StreamingPause.uasset" 281
"../../../Engine/Content/EngineSounds/Master.uasset" 282
"../../../Engine/Content/Functions/Engine_MaterialFunctions01/Shading/PowerToRoughness.uasset" 283
"../../../Engine/Content/Maps/Entry_BuiltData.uasset" 284
"../../../Engine/Content/Maps/Templates/Thumbnails/Default.uasset" 285
"../../../Engine/Content/Maps/Templates/Thumbnails/TimeOfDay.uasset" 286
"../../../Engine/Content/Maps/Templates/Thumbnails/VR-Basic.uasset" 287
"../../../Engine/Content/MapTemplates/Sky/DaylightAmbientCubemap.uasset" 288
"../../../Engine/Content/MobileResources/T_MobileControls_texture.uasset" 289
"../../../Engine/Content/MobileResources/T_MobileMenu2.uasset" 290
"../../../Engine/Content/MobileResources/HUD/AnalogHat.uasset" 291
"../../../Engine/Content/MobileResources/HUD/VirtualJoystick_Background.uasset" 292
"../../../Engine/Content/MobileResources/HUD/VirtualJoystick_Thumb.uasset" 293
"../../../Engine/Content/MobileResources/HUD/DefaultVirtualJoysticks.uasset" 294
"../../../Engine/Content/MobileResources/HUD/LeftVirtualJoystickOnly.uasset" 295
"../../../Engine/Content/MobileResources/HUD/MobileHUDButton1_off.uasset" 296
"../../../Engine/Content/MobileResources/HUD/MobileHUDButton1_on.uasset" 297
"../../../Engine/Content/MobileResources/HUD/MobileHUDButton2_off.uasset" 298
"../../../Engine/Content/MobileResources/HUD/MobileHUDButton2_on.uasset" 299
"../../../Engine/Content/MobileResources/HUD/MobileHUDButton3.uasset" 300
"../../../Engine/Content/MobileResources/HUD/MobileHUDButtonFire.uasset" 301
"../../../Engine/Content/MobileResources/HUD/MobileHUDDirectionPad.uasset" 302
"../../../Engine/Content/MobileResources/HUD/MobileHUDDirectionPad2.uasset" 303
"../../../Engine/Content/MobileResources/HUD/MobileHUDDirectionPad3.uasset" 304
"../../../Engine/Content/MobileResources/HUD/MobileHUDDirectionStick.uasset" 305
"../../../Engine/Content/MobileResources/HUD/T_Castle_ThumbstickInner.uasset" 306
"../../../Engine/Content/MobileResources/HUD/T_Castle_ThumbstickOutter.uasset" 307
"../../../Engine/Content/Tutorial/ContentIntroCurve.uasset" 308
"../../../Engine/Content/Tutorial/Basics/LevelEditorAttract.uasset" 309
"../../../Engine/Content/Tutorial/Basics/TutorialAssets/icon_tab_Levels_40x.uasset" 310
"../../../Engine/Content/Tutorial/Basics/LevelEditorOverview.uasset" 311
"../../../Engine/Content/Tutorial/BlueprintTutorials/TutorialAssets/Blueprint_64x.uasset" 312
"../../../Engine/Content/Tutorial/InWorldBlueprintEditing/IWBE_Tutorial.uasset" 313
"../../../Engine/Content/Tutorial/InWorldBlueprintEditing/IWBE_Tutorial_Part2.uasset" 314
"../../../Engine/Content/Tutorial/InWorldBlueprintEditing/IWBE_Tutorial_Part3.uasset" 315
"../../../Engine/Content/Tutorial/SubEditors/MaterialEditorTutorial.uasset" 316
"../../../Engine/Content/Tutorial/SubEditors/TutorialAssets/TutorialMaterial.uasset" 317
"../../../Engine/Content/VREditor/LaserPointer/VR_LaserPower_01.uasset" 318
"../../../Engine/Content/VREditor/TransformGizmo/TransformGizmoMaterial.uasset" 319
"../../../Engine/Content/VREditor/TransformGizmo/TranslucentTransformGizmoMaterial.uasset" 320
"../../../Engine/Content/VREditor/TransformGizmo/BoundingBoxCorner.uasset" 321
"../../../Engine/Content/VREditor/TransformGizmo/BoundingBoxEdge.uasset" 322
"../../../Engine/Content/VREditor/TransformGizmo/PlaneTranslationHandle.uasset" 323
"../../../Engine/Content/VREditor/TransformGizmo/Main.uasset" 324
"../../../Engine/Content/VREditor/TransformGizmo/Xray.uasset" 325
"../../../Engine/Content/VREditor/TransformGizmo/SM_Sequencer_Key.uasset" 326
"../../../Engine/Content/VREditor/TransformGizmo/SM_Sequencer_Node.uasset" 327
"../../../Engine/Content/Animation/DefaultAnimCurveCompressionSettings.uasset" 328
"../../../Engine/Content/Functions/Engine_MaterialFunctions01/Gradient/LinearGradient.uasset" 329
"../../../Engine/Content/Functions/Engine_MaterialFunctions01/ImageAdjustment/CheapContrast.uasset" 330
"../../../Engine/Content/Functions/Engine_MaterialFunctions01/Shading/MetallicShading.uasset" 331
"../../../Engine/Content/Functions/Engine_MaterialFunctions01/Texturing/FlattenNormal.uasset" 332
"../../../Engine/Content/Functions/Engine_MaterialFunctions01/Texturing/WorldAlignedTexture.uasset" 333
"../../../Engine/Content/Functions/Engine_MaterialFunctions02/Math/TimeWithSpeedVariable.uasset" 334
"../../../Engine/Content/Functions/Engine_MaterialFunctions02/Texturing/ScreenAlignedPixelToPixelUVs.uasset" 335
"../../../Engine/Content/Functions/Engine_MaterialFunctions02/Utility/BlendAngleCorrectedNormals.uasset" 336
"../../../Engine/Content/EngineMaterials/Good64x64TilingNoiseHighFreq.uasset" 337
"../../../Engine/Content/Functions/Engine_MaterialFunctions02/Utility/DitherTemporalAA.uasset" 338
"../../../Engine/Content/Functions/Engine_MaterialFunctions03/Blends/Lerp_ScratchGrime.uasset" 339
"../../../Engine/Content/Functions/MaterialLayerFunctions/MatLayerBlend_BakedNormal.uasset" 340
"../../../Engine/Content/Functions/MaterialLayerFunctions/MatLayerBlend_BreakBaseColor.uasset" 341
"../../../Engine/Content/Functions/MaterialLayerFunctions/MatLayerBlend_Emissive.uasset" 342
"../../../Engine/Content/Functions/MaterialLayerFunctions/MatLayerBlend_OverrideBaseColor.uasset" 343
"../../../Engine/Content/Functions/MaterialLayerFunctions/MatLayerBlend_Standard.uasset" 344
"../../../Engine/Content/Functions/MaterialLayerFunctions/MatLayerBlend_TenLayerBlend.uasset" 345
"../../../Engine/Content/Functions/MaterialLayerFunctions/MatLayerBlend_Tint.uasset" 346
"../../../../../MyProject/Content/ParagonWraith/Characters/Global/MaterialFunctions/MaterialLayerConstructors/MF_BaseColorTintAndContrast.uasset" 347
"../../../../../MyProject/Content/ParagonWraith/Characters/Global/MaterialFunctions/MaterialLayerConstructors/MF_RoughnessAdjustment.uasset" 348
"../../../../../MyProject/Content/ParagonWraith/Characters/Global/MaterialFunctions/MaterialLayerConstructors/MLC_ScratchAndGrime.uasset" 349
"../../../../../MyProject/Content/ParagonWraith/Characters/Global/MaterialFunctions/MaterialLayerConstructors/MLC_SolidValues.uasset" 350
"../../../Engine/Content/EngineMaterials/DefaultNormal.uasset" 351
"../../../../../MyProject/Content/ParagonWraith/Characters/Global/MaterialFunctions/MaterialLayerConstructors/MLC_Standard.uasset" 352
"../../../../../MyProject/Content/ParagonWraith/Characters/Global/MaterialFunctions/MF_BrightnessAdjust.uasset" 353
"../../../../../MyProject/Content/ParagonWraith/Characters/Global/MaterialFunctions/MF_Character_MaterialLayerQuality.uasset" 354
"../../../../../MyProject/Content/ParagonWraith/Characters/Global/MaterialFunctions/Textures/T_AtmosphericCloudNoise01.uasset" 355
"../../../../../MyProject/Content/ParagonWraith/Characters/Global/MaterialFunctions/Textures/T_AtmosphericCloudNoise01_N.uasset" 356
"../../../../../MyProject/Content/ParagonWraith/Characters/Global/MaterialFunctions/Textures/T_AtmosphericCloudNoise03.uasset" 357
"../../../../../MyProject/Content/ParagonWraith/Characters/Global/MaterialFunctions/MF_DeathFade.uasset" 358
"../../../../../MyProject/Content/ParagonWraith/Characters/Global/MaterialLayers/T_TestML_Mask.uasset" 359
"../../../../../MyProject/Content/ParagonWraith/Characters/Global/MaterialLayers/ML__Blank.uasset" 360
"../../../../../MyProject/Content/ParagonWraith/Characters/Global/ParameterCollections/OrionGlobalGameplayCollection.uasset" 361
"../../../../../MyProject/Content/ParagonWraith/Characters/Global/MaterialFunctions/MF_HitFlash.uasset" 362
"../../../../../MyProject/Content/ParagonWraith/Characters/Global/MaterialLayers/Metal/T_Blue_Metal02.uasset" 363
"../../../../../MyProject/Content/ParagonWraith/Characters/Global/MaterialLayers/Rubber/T_Blank_N.uasset" 364
"../../../../../MyProject/Content/ParagonWraith/Characters/Global/MaterialLayers/Metal/ML_blue_Metal.uasset" 365
"../../../../../MyProject/Content/ParagonWraith/Characters/Global/MaterialFunctions/MF_OrionRimlight.uasset" 366
"../../../../../MyProject/Content/ParagonWraith/Characters/Global/MaterialFunctions/MF_CharacterEffects.uasset" 367
"../../../../../MyProject/Content/ParagonWraith/Characters/Global/T_Black_Linear.uasset" 368
"../../../../../MyProject/Content/ParagonWraith/Characters/Global/MaterialFunctions/MF_OrionCharacterAO.uasset" 369
"../../../Engine/Content/EngineMaterials/FlatNormal.uasset" 370
"../../../../../MyProject/Content/ParagonWraith/Characters/Global/MaterialLayers/Fabric/MF_ClothShading.uasset" 371
"../../../../../MyProject/Content/ParagonWraith/Characters/Global/MaterialLayers/Fabric/T_nylonstap_N.uasset" 372
"../../../../../MyProject/Content/ParagonWraith/Characters/Global/MaterialLayers/Fabric/T_nylonstap_D.uasset" 373
"../../../../../MyProject/Content/ParagonWraith/Characters/Global/MaterialLayers/Fabric/ML_NylonStrap.uasset" 374
"../../../../../MyProject/Content/ParagonWraith/Characters/Global/MaterialLayers/Metal/T_Brushed_Copper_D.uasset" 375
"../../../../../MyProject/Content/ParagonWraith/Characters/Global/MaterialLayers/Metal/T_Brushed_Copper_N.uasset" 376
"../../../../../MyProject/Content/ParagonWraith/Characters/Global/MaterialLayers/Metal/ML_AnodizedAluminium.uasset" 377
"../../../../../MyProject/Content/ParagonWraith/Characters/Global/MaterialLayers/Metal/T_hardmetal2_D.uasset" 378
"../../../../../MyProject/Content/ParagonWraith/Characters/Global/MaterialLayers/Metal/T_ML_Aluminum_01_N.uasset" 379
"../../../../../MyProject/Content/ParagonWraith/Characters/Global/MaterialLayers/Metal/ML_LowContrastHardMetal.uasset" 380
"../../../../../MyProject/Content/ParagonWraith/Characters/Heroes/Wraith/Skins/LunarOps/Materials/ML/T_FlakeMask.uasset" 381
"../../../../../MyProject/Content/ParagonWraith/Characters/Heroes/Wraith/Skins/LunarOps/Materials/ML/MF_Sparkle_ramdon.uasset" 382
"../../../Engine/Content/EngineMaterials/RandomAngles.uasset" 383
"../../../../../MyProject/Content/ParagonWraith/Characters/Heroes/Wraith/Skins/LunarOps/Materials/ML/T_Bump_N.uasset" 384
"../../../../../MyProject/Content/ParagonWraith/Characters/Heroes/Wraith/Skins/LunarOps/Materials/ML/MF_Wraith_CarPaint.uasset" 385
"../../../../../MyProject/Content/ParagonWraith/FX/Materials/Heroes/Wraith/MLayer/T_TireRubber_R.uasset" 386
"../../../../../MyProject/Content/ParagonWraith/FX/Materials/MaterialLayers/Rubber/T_ML_FineRubber_N.uasset" 387
"../../../../../MyProject/Content/ParagonWraith/FX/Textures/Heroes/Wraith/T_Wraith_BackPackbody_RGBA.uasset" 388
"../../../../../MyProject/Content/ParagonWraith/FX/Materials/Heroes/Wraith/MLayer/MF_Wraithlatex.uasset" 389
"../../../../../MyProject/Content/ParagonWraith/Characters/Heroes/Wraith/Skins/LunarOps/Textures/T_Accessories_ts_DEMO.uasset" 390
"../../../../../MyProject/Content/ParagonWraith/Characters/Heroes/Wraith/Skins/LunarOps/Textures/T_Wraith_attachment_LunarOps_Mask1.uasset" 391
"../../../../../MyProject/Content/ParagonWraith/Characters/Heroes/Wraith/Skins/LunarOps/Textures/T_Wraith_attachment_LunarOps_Mask2.uasset" 392
"../../../../../MyProject/Content/ParagonWraith/Characters/Heroes/Wraith/Skins/LunarOps/Textures/T_Wraith_attachment_LunarOps_RGB.uasset" 393
"../../../../../MyProject/Content/ParagonWraith/Characters/Heroes/Wraith/Skins/LunarOps/Materials/M_Wraith_Attachment_LunarOps.uasset" 394
"../../../../../MyProject/Content/ParagonWraith/Characters/Global/MaterialLayers/Metal/ML_Brushed_Copper2.uasset" 395
"../../../../../MyProject/Content/ParagonWraith/Characters/Global/MaterialLayers/Metal/T_Metal_Scratched_Circular_01_COLOR.uasset" 396
"../../../../../MyProject/Content/ParagonWraith/Characters/Global/MaterialLayers/Metal/T_Metal_Scratched_Circular_01_N.uasset" 397
"../../../../../MyProject/Content/ParagonWraith/Characters/Global/MaterialLayers/Metal/T_Noise_Rough_Dark_Big.uasset" 398
"../../../../../MyProject/Content/ParagonWraith/Characters/Global/MaterialLayers/Metal/T_ScratchMask.uasset" 399
"../../../../../MyProject/Content/ParagonWraith/Characters/Global/MaterialLayers/Metal/ML_Metal_Scratched_Circular.uasset" 400
"../../../../../MyProject/Content/ParagonWraith/Characters/Global/MaterialLayers/Metal/T_Blank_N.uasset" 401
"../../../../../MyProject/Content/ParagonWraith/Characters/Global/MaterialLayers/Synthetics/T_Wraith_Eye_D.uasset" 402
"../../../../../MyProject/Content/ParagonWraith/Characters/Global/MaterialLayers/Synthetics/ML_Gem.uasset" 403
"../../../../../MyProject/Content/ParagonWraith/Characters/Heroes/Wraith/Textures/T_Wraith_Emissive_Mask.uasset" 404
"../../../../../MyProject/Content/ParagonWraith/Characters/Heroes/Wraith/Materials/MLayer/MF_Wraith_Emissive_Fade.uasset" 405
"../../../../../MyProject/Content/ParagonWraith/Characters/Heroes/Wraith/Skins/LunarOps/Textures/T_Wraith_Backpack_LunarOps_Mask.uasset" 406
"../../../../../MyProject/Content/ParagonWraith/Characters/Heroes/Wraith/Textures/T_Wraith_Backpack_Mask2.uasset" 407
"../../../../../MyProject/Content/ParagonWraith/Characters/Heroes/Wraith/Textures/T_Wraith_backpack_N_DEMO.uasset" 408
"../../../../../MyProject/Content/ParagonWraith/Characters/Heroes/Wraith/Textures/T_Wraith_BackPackbody_RGBA.uasset" 409
"../../../../../MyProject/Content/ParagonWraith/Characters/Heroes/Wraith/Skins/LunarOps/Materials/M_Wraith_Backpack_LunarOps.uasset" 410
"../../../../../MyProject/Content/ParagonWraith/Characters/Global/MaterialLayers/Painted/T_Cream_Painted_Metal_N.uasset" 411
"../../../../../MyProject/Content/ParagonWraith/Characters/Global/MaterialLayers/Painted/T_Cream_Paint_D.uasset" 412
"../../../../../MyProject/Content/ParagonWraith/Characters/Global/MaterialLayers/Synthetics/T_Carbon_Color.uasset" 413
"../../../../../MyProject/Content/ParagonWraith/Characters/Global/MaterialLayers/Synthetics/T_CF_Nor.uasset" 414
"../../../../../MyProject/Content/ParagonWraith/Characters/Global/MaterialLayers/Synthetics/ML_CarbonFiber.uasset" 415
"../../../../../MyProject/Content/ParagonWraith/Characters/Heroes/Wraith/Materials/MLayer/T_WheelHub_R.uasset" 416
"../../../../../MyProject/Content/ParagonWraith/Characters/Heroes/Wraith/Materials/MLayer/MF_GunCarMat.uasset" 417
"../../../../../MyProject/Content/ParagonWraith/Characters/Global/MaterialLayers/Metal/T_Rough_Metal_N.uasset" 418
"../../../../../MyProject/Content/ParagonWraith/Characters/Global/MaterialLayers/Metal/T_Primer_Black_Metal2.uasset" 419
"../../../../../MyProject/Content/ParagonWraith/Characters/Heroes/Wraith/Textures/T_Wraith_Gun_RGB.uasset" 420
"../../../../../MyProject/Content/ParagonWraith/Characters/Heroes/Wraith/Materials/MLayer/ML_WraithGunmetal02.uasset" 421
"../../../../../MyProject/Content/ParagonWraith/Characters/Global/MaterialLayers/Rubber/T_ML_FineRubber_N.uasset" 422
"../../../../../MyProject/Content/ParagonWraith/Characters/Heroes/Wraith/Materials/MLayer/T_TireRubber_R.uasset" 423
"../../../../../MyProject/Content/ParagonWraith/Characters/Heroes/Wraith/Materials/MLayer/ML_Wraithlatex.uasset" 424
"../../../../../MyProject/Content/ParagonWraith/Characters/Heroes/Wraith/Skins/ODGreen/Textures/T_Wraith_Gun_ODGreen_Mask.uasset" 425
"../../../../../MyProject/Content/ParagonWraith/Characters/Heroes/Wraith/Textures/T_Wraith_Gun_Mask2.uasset" 426
"../../../../../MyProject/Content/ParagonWraith/Characters/Heroes/Wraith/Textures/T_Wraith_gun_N_DEMO.uasset" 427
"../../../../../MyProject/Content/ParagonWraith/Characters/Heroes/Wraith/Skins/LunarOps/Materials/M_Wraith_Gun_LunarOps.uasset" 428
"../../../../../MyProject/Content/ParagonWraith/Characters/Heroes/Wraith/Skins/LunarOps/Textures/T_Wraith_lowerBody_LunarOps_Mask.uasset" 429
"../../../../../MyProject/Content/ParagonWraith/Characters/Heroes/Wraith/Skins/LunarOps/Textures/T_Wraith_lowerBody_LunarOps_Mask2.uasset" 430
"../../../../../MyProject/Content/ParagonWraith/Characters/Heroes/Wraith/Skins/LunarOps/Textures/T_Wraith_LunarOps_Lowerbody_RGBA.uasset" 431
"../../../../../MyProject/Content/ParagonWraith/Characters/Heroes/Wraith/Textures/T_Wraith_lowerbody_N_DEMO.uasset" 432
"../../../../../MyProject/Content/ParagonWraith/Characters/Heroes/Wraith/Textures/T_Wraith_Lowerbody_RGBA.uasset" 433
"../../../../../MyProject/Content/ParagonWraith/Characters/Heroes/Wraith/Skins/LunarOps/Materials/M_Wraith_Lowerbody_LunarOps.uasset" 434
"../../../Engine/Content/Functions/MaterialLayerFunctions/MatLayerBlend_ModulateRoughness.uasset" 435
"../../../../../MyProject/Content/ParagonWraith/Characters/Global/MaterialLayers/Synthetics/T_Rough_Plastic_N.uasset" 436
"../../../../../MyProject/Content/ParagonWraith/Characters/Global/MaterialLayers/Synthetics/T_Rough_Plastic_D.uasset" 437
"../../../../../MyProject/Content/ParagonWraith/Characters/Global/MaterialLayers/Synthetics/ML_RoughPlastic.uasset" 438
"../../../../../MyProject/Content/ParagonWraith/Characters/Heroes/Wraith/Skins/LunarOps/Textures/T_Wraith_UpperBody_LunarOps_Mask.uasset" 439
"../../../../../MyProject/Content/ParagonWraith/Characters/Heroes/Wraith/Skins/LunarOps/Textures/T_Wraith_UpperBody_LunarOps_Mask2.uasset" 440
"../../../../../MyProject/Content/ParagonWraith/Characters/Heroes/Wraith/Skins/LunarOps/Textures/T_Wraith_Upperbody_LunarOps_RGBA.uasset" 441
"../../../../../MyProject/Content/ParagonWraith/Characters/Heroes/Wraith/Textures/T_Wraith_upperbody_N_DEMO.uasset" 442
"../../../../../MyProject/Content/ParagonWraith/Characters/Heroes/Wraith/Skins/LunarOps/Materials/M_Wraith_Upperbody_LunarOps.uasset" 443
"../../../../../MyProject/Content/ParagonWraith/Characters/Heroes/Wraith/Meshes/Wraith_Skeleton.uasset" 444
"../../../../../MyProject/Content/ParagonWraith/Characters/Heroes/Wraith/Animations/Locomotion_Combat/AO/Idle_AO_CC_Combat.uasset" 445
"../../../../../MyProject/Content/ParagonWraith/Characters/Heroes/Wraith/Animations/Locomotion_Combat/AO/Idle_AO_CD_Combat.uasset" 446
"../../../../../MyProject/Content/ParagonWraith/Characters/Heroes/Wraith/Animations/Locomotion_Combat/AO/Idle_AO_CU_Combat.uasset" 447
"../../../../../MyProject/Content/ParagonWraith/Characters/Heroes/Wraith/Animations/Locomotion_Combat/AO/Idle_AO_LC_Combat.uasset" 448
"../../../../../MyProject/Content/ParagonWraith/Characters/Heroes/Wraith/Animations/Locomotion_Combat/AO/Idle_AO_LD_Combat.uasset" 449
"../../../../../MyProject/Content/ParagonWraith/Characters/Heroes/Wraith/Animations/Locomotion_Combat/AO/Idle_AO_LU_Combat.uasset" 450
"../../../../../MyProject/Content/ParagonWraith/Characters/Heroes/Wraith/Animations/Locomotion_Combat/AO/Idle_AO_RC_Combat.uasset" 451
"../../../../../MyProject/Content/ParagonWraith/Characters/Heroes/Wraith/Animations/Locomotion_Combat/AO/Idle_AO_RD_Combat.uasset" 452
"../../../../../MyProject/Content/ParagonWraith/Characters/Heroes/Wraith/Animations/Locomotion_Combat/AO/Idle_AO_RU_Combat.uasset" 453
"../../../../../MyProject/Content/ParagonWraith/Characters/Heroes/Wraith/Animations/Locomotion_Combat/Idle_Combat.uasset" 454
"../../../../../MyProject/Content/ParagonWraith/Characters/Heroes/Wraith/Animations/Locomotion_Combat/AO/Idle_AO_Combat.uasset" 455
"../../../../../MyProject/Content/ParagonWraith/Characters/Heroes/Wraith/Animations/Level_Start.uasset" 456
"../../../../../MyProject/Content/ParagonWraith/Characters/Heroes/Wraith/Animations/LevelStart_Montage.uasset" 457
"../../../../../MyProject/Content/ParagonWraith/Characters/Heroes/Wraith/Animations/Emote_ThumbsDown.uasset" 458
"../../../../../MyProject/Content/ParagonWraith/Characters/Heroes/Wraith/Animations/Jog_Fwd_Start.uasset" 459
"../../../../../MyProject/Content/ParagonWraith/Characters/Heroes/Wraith/Animations/Jog_Fwd_Stop.uasset" 460
"../../../../../MyProject/Content/ParagonWraith/Characters/Heroes/Wraith/Animations/Jump_Apex.uasset" 461
"../../../../../MyProject/Content/ParagonWraith/Characters/Heroes/Wraith/Animations/Jump_Land.uasset" 462
"../../../../../MyProject/Content/ParagonWraith/Characters/Heroes/Wraith/Animations/Jump_Recovery_Additive.uasset" 463
"../../../../../MyProject/Content/ParagonWraith/Characters/Heroes/Wraith/Animations/Jump_Start.uasset" 464
"../../../../../MyProject/Content/ParagonWraith/Characters/Heroes/Wraith/Animations/Jog_Fwd.uasset" 465
"../../../../../MyProject/Content/ParagonWraith/Characters/Heroes/Wraith/Animations/Jog_Fwd_CircleLeft.uasset" 466
"../../../../../MyProject/Content/ParagonWraith/Characters/Heroes/Wraith/Animations/Jog_Fwd_CircleRight.uasset" 467
"../../../../../MyProject/Content/ParagonWraith/Characters/Heroes/Wraith/Animations/Jog_Fwd_Downhill.uasset" 468
"../../../../../MyProject/Content/ParagonWraith/Characters/Heroes/Wraith/Animations/Jog_Fwd_Uphill.uasset" 469
"../../../../../MyProject/Content/ParagonWraith/Characters/Heroes/Wraith/Animations/Blendspaces/JogFwdSlopeLean.uasset" 470
"../../../Engine/Content/EditorBlueprintResources/StandardMacros.uasset" 471
"../../../../../MyProject/Content/ParagonWraith/Characters/Heroes/Wraith/Wraith_AnimBlueprint.uasset" 472
"../../../../../MyProject/Content/ParagonWraith/Characters/Heroes/Wraith/Animations/Fire_A_Slow.uasset" 473
"../../../../../MyProject/Content/ParagonWraith/Characters/Heroes/Wraith/Animations/Fire_A_Slow_Montage.uasset" 474
"../../../../../MyProject/Content/ParagonWraith/Characters/Global/MaterialLayers/Metal/T_ML_Aluminum01_N.uasset" 475
"../../../../../MyProject/Content/ParagonWraith/Characters/Global/MaterialLayers/Metal/T_ML_Aluminum01.uasset" 476
"../../../../../MyProject/Content/ParagonWraith/Characters/Global/MaterialLayers/Metal/ML_SoftMetal01.uasset" 477
"../../../../../MyProject/Content/ParagonWraith/Characters/Global/MaterialLayers/Painted/T_PaintScratches.uasset" 478
"../../../../../MyProject/Content/ParagonWraith/Characters/Global/MaterialLayers/Painted/ML_MetallicClearCoat.uasset" 479
"../../../../../MyProject/Content/ParagonWraith/Characters/Heroes/Wraith/Textures/T_ElectroHex_Tile.uasset" 480
"../../../../../MyProject/Content/ParagonWraith/Characters/Global/MaterialLayers/Synthetics/ML_SimpleEmissive_underGlass.uasset" 481
"../../../../../MyProject/Content/ParagonWraith/Characters/Heroes/Wraith/Textures/T_Wraith_Backpack_Mask.uasset" 482
"../../../../../MyProject/Content/ParagonWraith/Characters/Heroes/Wraith/Materials/M_Wraith_Backpack.uasset" 483
"../../../../../MyProject/Content/ParagonWraith/Characters/Global/MaterialLayers/Metal/T_Wraith_Body_Color_Overlay.uasset" 484
"../../../../../MyProject/Content/ParagonWraith/Characters/Global/MaterialLayers/Metal/ML_Gray_Gun_Metal4.uasset" 485
"../../../../../MyProject/Content/ParagonWraith/Characters/Heroes/Wraith/Textures/T_Wraith_Gun_Mask.uasset" 486
"../../../../../MyProject/Content/ParagonWraith/Characters/Heroes/Wraith/Materials/M_Wraith_Gun.uasset" 487
"../../../../../MyProject/Content/ParagonWraith/Characters/Heroes/Wraith/Textures/T_Wraith_LowerBody_Mask.uasset" 488
"../../../../../MyProject/Content/ParagonWraith/Characters/Heroes/Wraith/Textures/T_Wraith_LowerBody_Mask2.uasset" 489
"../../../../../MyProject/Content/ParagonWraith/Characters/Heroes/Wraith/Materials/M_Wraith_Lowerbody.uasset" 490
"../../../../../MyProject/Content/ParagonWraith/Characters/Heroes/Wraith/Textures/T_Wraith_UpperBody_Mask.uasset" 491
"../../../../../MyProject/Content/ParagonWraith/Characters/Heroes/Wraith/Textures/T_Wraith_UpperBody_Mask2.uasset" 492
"../../../../../MyProject/Content/ParagonWraith/Characters/Heroes/Wraith/Textures/T_Wraith_Upperbody_RGBA.uasset" 493
"../../../../../MyProject/Content/ParagonWraith/Characters/Heroes/Wraith/Materials/M_Wraith_Upperbody.uasset" 494
"../../../../../MyProject/Content/ParagonWraith/Characters/Heroes/Wraith/Meshes/Wraith_Extents.uasset" 495
"../../../../../MyProject/Content/ParagonWraith/Characters/Heroes/Wraith/Meshes/Wraith_ShadowCyl.uasset" 496
"../../../../../MyProject/Content/ParagonWraith/Characters/Heroes/Wraith/Meshes/Wraith.uasset" 497
"../../../../../MyProject/Content/ParagonWraith/Characters/Heroes/Wraith/WraithPlayerCharacter.uasset" 498
"../../../../../MyProject/Content/ThirdPersonBP/Blueprints/ThirdPersonGameMode.uasset" 499
"../../Plugins/2D/Paper2D/Content/PlaceholderTextures/DummySpriteTexture.uasset" 500
"../../Plugins/2D/Paper2D/Content/DummySprite.uasset" 501
"../../Plugins/2D/Paper2D/Content/DefaultPaperTerrainMaterial.uasset" 502
"../../Plugins/2D/Paper2D/Content/DefaultSpriteMaterial.uasset" 503
"../../Plugins/2D/Paper2D/Content/MaskedUnlitSpriteMaterial.uasset" 504
"../../Plugins/2D/Paper2D/Content/OpaqueUnlitSpriteMaterial.uasset" 505
"../../../Engine/Content/Functions/Engine_MaterialFunctions02/Utility/BreakOutFloat4Components.uasset" 506
"../../Plugins/Runtime/Oculus/OculusVR/Content/Materials/OculusMR_ChromaKey.uasset" 507
"../../Plugins/Runtime/Oculus/OculusVR/Content/Materials/OculusMR_ChromaKey_Lit.uasset" 508
"../../Plugins/Runtime/Oculus/OculusVR/Content/Materials/OculusMR_OpaqueColoredMaterial.uasset" 509
"../../Plugins/Runtime/Oculus/OculusVR/Content/Materials/OculusMR_WhiteMaterial.uasset" 510
"../../../../../MyProject/Content/ParagonWraith/Characters/Maps/BackGroundAssets/T_HDRI_Epic_Courtyard_Daylight.uasset" 511
"../../../../../MyProject/Content/ParagonWraith/Characters/Maps/BackGroundAssets/M_HDRSky.uasset" 512
"../../../Engine/Content/EditorMeshes/ColorCalibrator/M_ChromeBall.uasset" 513
"../../../Engine/Content/EditorMeshes/ColorCalibrator/M_ClearCoat.uasset" 514
"../../../Engine/Content/EditorMeshes/ColorCalibrator/M_ClearCoatBlack.uasset" 515
"../../../Engine/Content/EditorMeshes/ColorCalibrator/Color_checker.uasset" 516
"../../../Engine/Content/EditorMeshes/ColorCalibrator/M_ColorGrid.uasset" 517
"../../../Engine/Content/EditorMeshes/ColorCalibrator/M_GreyBall.uasset" 518
"../../../Engine/Content/EditorMeshes/ColorCalibrator/SM_ColorCalibrator.uasset" 519
"../../../Engine/Content/MapTemplates/Sky/T_Sky_Stars.uasset" 520
"../../../Engine/Content/MapTemplates/Sky/T_UDK_Sky_CloudMask01_N.uasset" 521
"../../../Engine/Content/MapTemplates/T_UDK_Sky_CloudMask03.uasset" 522
"../../../Engine/Content/MapTemplates/Sky/M_Procedural_Sky_MASTER02.uasset" 523
"../../../Engine/Content/MapTemplates/Sky/SM_SkySphere.uasset" 524
"../../../../../MyProject/Content/ParagonWraith/Characters/Heroes/Wraith/Skins/LunarOps/Meshes/Wraith_LunarOps.uasset" 525
"../../../../../MyProject/Content/ParagonWraith/Characters/Global/MaterialLayers/Metal/T_AnodizedMetal_D.uasset" 526
"../../../../../MyProject/Content/ParagonWraith/Characters/Global/MaterialLayers/Metal/T_AnodizedMetal_N.uasset" 527
"../../../../../MyProject/Content/ParagonWraith/Characters/Global/MaterialLayers/Metal/ML_AnisotropicMetal.uasset" 528
"../../../../../MyProject/Content/ParagonWraith/Characters/Global/MaterialLayers/Metal/T_Primer_Black_Metal.uasset" 529
"../../../../../MyProject/Content/ParagonWraith/Characters/Global/MaterialLayers/Metal/ML_Gray_Gun_Metal.uasset" 530
"../../../../../MyProject/Content/ParagonWraith/Characters/Heroes/Wraith/Skins/ODGreen/Materials/ML/ML_Wraith_PrimaryMetal.uasset" 531
"../../../../../MyProject/Content/ParagonWraith/Characters/Heroes/Wraith/Skins/ODGreen/Textures/T_Accessories_ts_DEMO.uasset" 532
"../../../../../MyProject/Content/ParagonWraith/Characters/Heroes/Wraith/Skins/ODGreen/Textures/T_Wraith_Accessories_ODGreen_Mask.uasset" 533
"../../../../../MyProject/Content/ParagonWraith/Characters/Heroes/Wraith/Skins/ODGreen/Textures/T_Wraith_Accessories_ODGreen_Mask2.uasset" 534
"../../../../../MyProject/Content/ParagonWraith/Characters/Heroes/Wraith/Skins/ODGreen/Textures/T_Wraith_Accessories_ODGreen_RGB.uasset" 535
"../../../../../MyProject/Content/ParagonWraith/Characters/Heroes/Wraith/Skins/ODGreen/Materials/M_Wraith_Attachment_ODGreen.uasset" 536
"../../../../../MyProject/Content/ParagonWraith/Characters/Heroes/Wraith/Skins/ODGreen/Materials/M_Wraith_Backpack_ODGreen.uasset" 537
"../../../../../MyProject/Content/ParagonWraith/Characters/Heroes/Wraith/Skins/LunarOps/Textures/T_Wraith_LunarOps_Gun_RGB.uasset" 538
"../../../../../MyProject/Content/ParagonWraith/Characters/Heroes/Wraith/Skins/ODGreen/Textures/T_Wraith_Gun_ODGreen_Mask2.uasset" 539
"../../../../../MyProject/Content/ParagonWraith/Characters/Heroes/Wraith/Skins/ODGreen/Materials/M_Wraith_Gun_ODGreen.uasset" 540
"../../../../../MyProject/Content/ParagonWraith/Characters/Heroes/Wraith/Skins/ODGreen/Textures/T_Wraith_lowerBody_ODGreen_Mask.uasset" 541
"../../../../../MyProject/Content/ParagonWraith/Characters/Heroes/Wraith/Skins/ODGreen/Textures/T_Wraith_lowerBody_ODGreen_Mask2.uasset" 542
"../../../../../MyProject/Content/ParagonWraith/Characters/Heroes/Wraith/Skins/ODGreen/Materials/M_Wraith_Lowerbody_ODGreen.uasset" 543
"../../../../../MyProject/Content/ParagonWraith/Characters/Heroes/Wraith/Skins/ODGreen/Textures/T_Wraith_UpperBody_ODGreen_Mask.uasset" 544
"../../../../../MyProject/Content/ParagonWraith/Characters/Heroes/Wraith/Skins/ODGreen/Textures/T_Wraith_UpperBody_ODGreen_Mask2.uasset" 545
"../../../../../MyProject/Content/ParagonWraith/Characters/Heroes/Wraith/Skins/ODGreen/Materials/M_Wraith_Upperbody_ODGreen.uasset" 546
"../../../../../MyProject/Content/ParagonWraith/Characters/Heroes/Wraith/Skins/ODGreen/Meshes/Wraith_ODGreen.uasset" 547
"../../../../../MyProject/Content/ParagonWraith/Characters/Maps/BackGroundAssets/M_AssetPlatform.uasset" 548
"../../../../../MyProject/Content/ParagonWraith/Characters/Maps/BackGroundAssets/SM_AssetPlatform.uasset" 549
"../../../../../MyProject/Content/ParagonWraith/Characters/Maps/Wraith.umap" 550
"../../../Engine/Content/EngineSky/C_Sky_Cloud_Color.uasset" 551
"../../../Engine/Content/EngineSky/C_Sky_Horizon_Color.uasset" 552
"../../../Engine/Content/EngineSky/C_Sky_Zenith_Color.uasset" 553
"../../../Engine/Content/EngineSky/T_Sky_Blue.uasset" 554
"../../../Engine/Content/EngineSky/T_Sky_Clouds_M.uasset" 555
"../../../Engine/Content/EngineSky/T_Sky_Stars.uasset" 556
"../../../Engine/Content/EngineSky/M_Sky_Panning_Clouds2.uasset" 557
"../../../Engine/Content/EngineSky/SM_SkySphere.uasset" 558
"../../../Engine/Content/EngineSky/BP_Sky_Sphere.uasset" 559
"../../../../../MyProject/Content/StarterContent/Textures/T_MacroVariation.uasset" 560
"../../../../../MyProject/Content/StarterContent/Textures/T_Metal_Aluminum_D.uasset" 561
"../../../../../MyProject/Content/StarterContent/Textures/T_Metal_Gold_N.uasset" 562
"../../../../../MyProject/Content/StarterContent/Materials/M_Metal_Burnished_Steel.uasset" 563
"../../../Engine/Content/BasicShapes/Cylinder.uasset" 564
"../../../../../MyProject/Content/ThirdPerson/Meshes/NewBlueprint.uasset" 565
"../../../Engine/Content/BasicShapes/BasicShapeMaterial.uasset" 566
"../../../Engine/Content/BasicShapes/Cube.uasset" 567
"../../../../../MyProject/Content/ThirdPerson/Meshes/NewBlueprint1.uasset" 568
"../../../../../MyProject/Content/ThirdPerson/Meshes/NewBlueprint2.uasset" 569
"../../../../../MyProject/Content/ThirdPersonBP/Maps/ThirdPersonExampleMap_BuiltData.uasset" 570
"../../../../../MyProject/Content/StarterContent/Materials/M_Glass.uasset" 571
"../../../../../MyProject/Content/StarterContent/Textures/T_Ground_Grass_D.uasset" 572
"../../../../../MyProject/Content/StarterContent/Textures/T_Ground_Grass_N.uasset" 573
"../../../../../MyProject/Content/StarterContent/Textures/T_Perlin_Noise_M.uasset" 574
"../../../../../MyProject/Content/StarterContent/Materials/M_Ground_Grass.uasset" 575
"../../../../../MyProject/Content/StarterContent/Materials/M_Metal_Brushed_Nickel.uasset" 576
"../../../../../MyProject/Content/Geometry/Meshes/CubeMaterial.uasset" 577
"../../../../../MyProject/Content/Geometry/Meshes/1M_Cube.uasset" 578
"../../../../../MyProject/Content/Geometry/Meshes/1M_Cube_Chamfer.uasset" 579
"../../../../../MyProject/Content/Geometry/Meshes/TemplateFloor.uasset" 580
"../../../../../MyProject/Content/StarterContent/Textures/T_Detail_Rocky_N.uasset" 581
"../../../../../MyProject/Content/StarterContent/Textures/T_Rock_Basalt_D.uasset" 582
"../../../../../MyProject/Content/StarterContent/Textures/T_RockMesh_M.uasset" 583
"../../../../../MyProject/Content/StarterContent/Textures/T_RockMesh_N.uasset" 584
"../../../../../MyProject/Content/StarterContent/Props/Materials/M_Rock.uasset" 585
"../../../../../MyProject/Content/StarterContent/Props/SM_Rock.uasset" 586
"../../../../../MyProject/Content/StarterContent/Materials/M_Basic_Wall.uasset" 587
"../../../../../MyProject/Content/StarterContent/Shapes/Shape_Cylinder.uasset" 588
"../../../../../MyProject/Content/ThirdPerson/Meshes/RampMaterial.uasset" 589
"../../../../../MyProject/Content/ThirdPerson/Meshes/Bump_StaticMesh.uasset" 590
"../../../../../MyProject/Content/ThirdPerson/Meshes/LeftArm_StaticMesh.uasset" 591
"../../../../../MyProject/Content/ThirdPerson/Meshes/Linear_Stair_StaticMesh.uasset" 592
"../../../../../MyProject/Content/ThirdPerson/Meshes/Ramp_StaticMesh.uasset" 593
"../../../../../MyProject/Content/ThirdPerson/Meshes/RightArm_StaticMesh.uasset" 594
"../../../../../MyProject/Content/ThirdPersonBP/Maps/ThirdPersonExampleMap.umap" 595
